INFO  16:30:45,326 [Worker-5: Session Startup] (ConsistencyAction.java:172) Starting Saros 16.0.1 running:
  Java Version: 14.0.2
  Java Vendor: Oracle Corporation
  Eclipse Runtime Version: 3.19.0.v20200724-1004
  Operating System: Windows 10 (10.0)
  Hardware Architecture: amd64
INFO  16:30:45,358 [Worker-5: Session Startup] (ConsistencyAction.java:172) initializing context...
INFO  16:30:45,765 [Worker-5: Session Startup] (ConsistencyAction.java:172) initializing preference default values
INFO  16:30:45,822 [Worker-5: Session Startup] (ConsistencyAction.java:172) successfully initialized context
WARN  16:31:26,726 [Worker-5: Session Startup] (ConsistencyAction.java:172) watchdog client component is not available, cannot perform inconsistency notification
INFO  16:31:27,625 [Worker-5: Session Startup] (SarosSessionManager.java:272) session started
DEBUG 16:31:32,425 [Smack Listener Processor (1)] (MultiUserChatStateManager.java:98) Incoming Message from saros_135488470@rooms.chinwag.im/pyroxys@chinwag.im/Saros with state: active
INFO  16:31:50,677 [Worker-3: Inviting stranderz@chinwag.im (stranderz@chinwag.im)...] (SarosSession.java:354) user stranderz@chinwag.im/Saros joined session
INFO  16:31:57,512 [Worker-5: Synchronizing projects] (SarosSession.java:360) user stranderz@chinwag.im/Saros started queuing projects and can receive IResourceActivities
INFO  16:32:03,941 [Worker-5: Synchronizing projects] (SarosSession.java:389) user stranderz@chinwag.im/Saros now has Projects and can process IResourceActivities
INFO  16:32:11,223 [Worker-2: Inviting hugo1410@chinwag.im (hugo1410@chinwag.im)...] (SarosSession.java:354) user hugo1410@chinwag.im/Saros joined session
INFO  16:32:16,313 [Worker-9: Inviting bolosse@chinwag.im (bolosse@chinwag.im)...] (SarosSession.java:354) user bolosse@chinwag.im/Saros joined session
INFO  16:32:34,424 [Worker-3: Synchronizing projects] (SarosSession.java:360) user hugo1410@chinwag.im/Saros started queuing projects and can receive IResourceActivities
INFO  16:32:37,966 [Worker-8: Synchronizing projects] (SarosSession.java:360) user bolosse@chinwag.im/Saros started queuing projects and can receive IResourceActivities
INFO  16:32:41,849 [Worker-3: Synchronizing projects] (SarosSession.java:389) user hugo1410@chinwag.im/Saros now has Projects and can process IResourceActivities
INFO  16:32:45,390 [Worker-8: Synchronizing projects] (SarosSession.java:389) user bolosse@chinwag.im/Saros now has Projects and can process IResourceActivities
INFO  16:49:14,378 [ModalContext] (SarosSession.java:468) user hugo1410@chinwag.im/Saros left session
DEBUG 16:49:48,253 [Smack Listener Processor (1)] (MultiUserChatStateManager.java:98) Incoming Message from saros_135488470@rooms.chinwag.im/hugo1410@chinwag.im/Saros with state: active
INFO  16:49:48,787 [Worker-15: Inviting hugo1410@chinwag.im (hugo1410@chinwag.im)...] (SarosSession.java:354) user hugo1410@chinwag.im/Saros joined session
INFO  16:50:07,812 [Worker-16: Synchronizing projects] (SarosSession.java:360) user hugo1410@chinwag.im/Saros started queuing projects and can receive IResourceActivities
INFO  16:50:18,042 [Worker-16: Synchronizing projects] (SarosSession.java:389) user hugo1410@chinwag.im/Saros now has Projects and can process IResourceActivities
INFO  17:10:33,443 [saros-remove-stranderz@chinwag.im/Saros] (SarosSession.java:468) user stranderz@chinwag.im/Saros left session
WARN  17:11:02,142 [main] (ActivityHandler.java:350) dropping activity for user that is no longer in session: EditorActivity(type: CLOSED, path: SPath [project=P/Refactoring3 (EclipseProjectImpl), projectRelativePath=src/Version3/PrixNormal.java])
WARN  17:11:02,144 [main] (ActivityHandler.java:350) dropping activity for user that is no longer in session: EditorActivity(type: CLOSED, path: SPath [project=P/Refactoring3 (EclipseProjectImpl), projectRelativePath=src/Version3/PrixNouveaute.java])
WARN  17:11:02,146 [main] (ActivityHandler.java:350) dropping activity for user that is no longer in session: EditorActivity(type: CLOSED, path: SPath [project=P/Refactoring3 (EclipseProjectImpl), projectRelativePath=src/Version3/PrixEnfant.java])
WARN  17:11:02,146 [main] (ActivityHandler.java:350) dropping activity for user that is no longer in session: EditorActivity(type: CLOSED, path: SPath [project=P/Refactoring3 (EclipseProjectImpl), projectRelativePath=src/Version3/Film.java])
WARN  17:11:02,147 [main] (ActivityHandler.java:350) dropping activity for user that is no longer in session: EditorActivity(type: CLOSED, path: SPath [project=P/Refactoring3 (EclipseProjectImpl), projectRelativePath=src/Version3/Location.java])
WARN  17:11:02,147 [main] (ActivityHandler.java:350) dropping activity for user that is no longer in session: EditorActivity(type: CLOSED, path: SPath [project=P/Refactoring3 (EclipseProjectImpl), projectRelativePath=src/Version3/Client.java])
INFO  17:11:04,489 [saros-remove-hugo1410@chinwag.im/Saros] (SarosSession.java:468) user hugo1410@chinwag.im/Saros left session
ERROR 17:51:01,182 [Smack Packet Reader (1)] (XMPPConnectionService.java:104) XMPP connection error: 
javax.net.ssl.SSLException: Une connexion établie a été abandonnée par un logiciel de votre ordinateur hôte
	at java.base/sun.security.ssl.Alert.createSSLException(Alert.java:127)
	at java.base/sun.security.ssl.TransportContext.fatal(TransportContext.java:325)
	at java.base/sun.security.ssl.TransportContext.fatal(TransportContext.java:268)
	at java.base/sun.security.ssl.TransportContext.fatal(TransportContext.java:263)
	at java.base/sun.security.ssl.SSLSocketImpl.handleException(SSLSocketImpl.java:1667)
	at java.base/sun.security.ssl.SSLSocketImpl$AppInputStream.read(SSLSocketImpl.java:1049)
	at java.base/sun.nio.cs.StreamDecoder.readBytes(StreamDecoder.java:297)
	at java.base/sun.nio.cs.StreamDecoder.implRead(StreamDecoder.java:339)
	at java.base/sun.nio.cs.StreamDecoder.read(StreamDecoder.java:188)
	at java.base/java.io.InputStreamReader.read(InputStreamReader.java:181)
	at java.base/java.io.BufferedReader.fill(BufferedReader.java:161)
	at java.base/java.io.BufferedReader.read1(BufferedReader.java:212)
	at java.base/java.io.BufferedReader.read(BufferedReader.java:287)
	at org.xmlpull.mxp1.MXParser.fillBuf(MXParser.java:2992)
	at org.xmlpull.mxp1.MXParser.more(MXParser.java:3046)
	at org.xmlpull.mxp1.MXParser.nextImpl(MXParser.java:1144)
	at org.xmlpull.mxp1.MXParser.next(MXParser.java:1093)
	at org.jivesoftware.smack.PacketReader.parsePackets(PacketReader.java:312)
	at org.jivesoftware.smack.PacketReader.access$000(PacketReader.java:48)
	at org.jivesoftware.smack.PacketReader$1.run(PacketReader.java:76)
	Suppressed: java.net.SocketException: Connection reset by peer
		at java.base/sun.nio.ch.NioSocketImpl.implWrite(NioSocketImpl.java:420)
		at java.base/sun.nio.ch.NioSocketImpl.write(NioSocketImpl.java:440)
		at java.base/sun.nio.ch.NioSocketImpl$2.write(NioSocketImpl.java:826)
		at java.base/java.net.Socket$SocketOutputStream.write(Socket.java:1052)
		at java.base/sun.security.ssl.SSLSocketOutputRecord.encodeAlert(SSLSocketOutputRecord.java:82)
		at java.base/sun.security.ssl.TransportContext.fatal(TransportContext.java:356)
		... 18 more
Caused by: java.net.SocketException: Une connexion établie a été abandonnée par un logiciel de votre ordinateur hôte
	at java.base/sun.nio.ch.NioSocketImpl.implRead(NioSocketImpl.java:325)
	at java.base/sun.nio.ch.NioSocketImpl.read(NioSocketImpl.java:350)
	at java.base/sun.nio.ch.NioSocketImpl$1.read(NioSocketImpl.java:803)
	at java.base/java.net.Socket$SocketInputStream.read(Socket.java:982)
	at java.base/sun.security.ssl.SSLSocketInputRecord.read(SSLSocketInputRecord.java:469)
	at java.base/sun.security.ssl.SSLSocketInputRecord.readHeader(SSLSocketInputRecord.java:463)
	at java.base/sun.security.ssl.SSLSocketInputRecord.bytesInCompletePacket(SSLSocketInputRecord.java:70)
	at java.base/sun.security.ssl.SSLSocketImpl.readApplicationRecord(SSLSocketImpl.java:1421)
	at java.base/sun.security.ssl.SSLSocketImpl$AppInputStream.read(SSLSocketImpl.java:1033)
	... 14 more
ERROR 17:51:01,189 [Smack Packet Reader (1)] (XMPPConnectionService.java:386)  new connection state == ERROR
javax.net.ssl.SSLException: Une connexion établie a été abandonnée par un logiciel de votre ordinateur hôte
	at java.base/sun.security.ssl.Alert.createSSLException(Alert.java:127)
	at java.base/sun.security.ssl.TransportContext.fatal(TransportContext.java:325)
	at java.base/sun.security.ssl.TransportContext.fatal(TransportContext.java:268)
	at java.base/sun.security.ssl.TransportContext.fatal(TransportContext.java:263)
	at java.base/sun.security.ssl.SSLSocketImpl.handleException(SSLSocketImpl.java:1667)
	at java.base/sun.security.ssl.SSLSocketImpl$AppInputStream.read(SSLSocketImpl.java:1049)
	at java.base/sun.nio.cs.StreamDecoder.readBytes(StreamDecoder.java:297)
	at java.base/sun.nio.cs.StreamDecoder.implRead(StreamDecoder.java:339)
	at java.base/sun.nio.cs.StreamDecoder.read(StreamDecoder.java:188)
	at java.base/java.io.InputStreamReader.read(InputStreamReader.java:181)
	at java.base/java.io.BufferedReader.fill(BufferedReader.java:161)
	at java.base/java.io.BufferedReader.read1(BufferedReader.java:212)
	at java.base/java.io.BufferedReader.read(BufferedReader.java:287)
	at org.xmlpull.mxp1.MXParser.fillBuf(MXParser.java:2992)
	at org.xmlpull.mxp1.MXParser.more(MXParser.java:3046)
	at org.xmlpull.mxp1.MXParser.nextImpl(MXParser.java:1144)
	at org.xmlpull.mxp1.MXParser.next(MXParser.java:1093)
	at org.jivesoftware.smack.PacketReader.parsePackets(PacketReader.java:312)
	at org.jivesoftware.smack.PacketReader.access$000(PacketReader.java:48)
	at org.jivesoftware.smack.PacketReader$1.run(PacketReader.java:76)
	Suppressed: java.net.SocketException: Connection reset by peer
		at java.base/sun.nio.ch.NioSocketImpl.implWrite(NioSocketImpl.java:420)
		at java.base/sun.nio.ch.NioSocketImpl.write(NioSocketImpl.java:440)
		at java.base/sun.nio.ch.NioSocketImpl$2.write(NioSocketImpl.java:826)
		at java.base/java.net.Socket$SocketOutputStream.write(Socket.java:1052)
		at java.base/sun.security.ssl.SSLSocketOutputRecord.encodeAlert(SSLSocketOutputRecord.java:82)
		at java.base/sun.security.ssl.TransportContext.fatal(TransportContext.java:356)
		... 18 more
Caused by: java.net.SocketException: Une connexion établie a été abandonnée par un logiciel de votre ordinateur hôte
	at java.base/sun.nio.ch.NioSocketImpl.implRead(NioSocketImpl.java:325)
	at java.base/sun.nio.ch.NioSocketImpl.read(NioSocketImpl.java:350)
	at java.base/sun.nio.ch.NioSocketImpl$1.read(NioSocketImpl.java:803)
	at java.base/java.net.Socket$SocketInputStream.read(Socket.java:982)
	at java.base/sun.security.ssl.SSLSocketInputRecord.read(SSLSocketInputRecord.java:469)
	at java.base/sun.security.ssl.SSLSocketInputRecord.readHeader(SSLSocketInputRecord.java:463)
	at java.base/sun.security.ssl.SSLSocketInputRecord.bytesInCompletePacket(SSLSocketInputRecord.java:70)
	at java.base/sun.security.ssl.SSLSocketImpl.readApplicationRecord(SSLSocketImpl.java:1421)
	at java.base/sun.security.ssl.SSLSocketImpl$AppInputStream.read(SSLSocketImpl.java:1033)
	... 14 more
INFO  17:51:57,116 [saros-remove-bolosse@chinwag.im/Saros] (SarosSession.java:468) user bolosse@chinwag.im/Saros left session
INFO  17:51:57,145 [saros-StopSession] (SarosSessionManager.java:332) session stopped
WARN  17:51:57,166 [main] (MultiUserChat.java:194) could not leave or destroy room: SAROS_135488470@rooms.chinwag.im
java.lang.IllegalStateException: Not connected to server.
	at org.jivesoftware.smack.XMPPConnection.sendPacket(XMPPConnection.java:483)
	at org.jivesoftware.smackx.muc.MultiUserChat.leave(MultiUserChat.java:548)
	at saros.communication.chat.muc.MultiUserChat.disconnect(MultiUserChat.java:192)
	at saros.communication.chat.muc.MultiUserChatService.destroyChat(MultiUserChatService.java:132)
	at saros.ui.widgets.chat.ChatRoomsComposite$3$3.run(ChatRoomsComposite.java:250)
	at saros.util.ThreadUtils$1.run(ThreadUtils.java:34)
	at org.eclipse.swt.widgets.RunnableLock.run(RunnableLock.java:40)
	at org.eclipse.swt.widgets.Synchronizer.runAsyncMessages(Synchronizer.java:185)
	at org.eclipse.swt.widgets.Display.runAsyncMessages(Display.java:3987)
	at org.eclipse.swt.widgets.Display.readAndDispatch(Display.java:3615)
	at org.eclipse.e4.ui.internal.workbench.swt.PartRenderingEngine$5.run(PartRenderingEngine.java:1157)
	at org.eclipse.core.databinding.observable.Realm.runWithDefault(Realm.java:338)
	at org.eclipse.e4.ui.internal.workbench.swt.PartRenderingEngine.run(PartRenderingEngine.java:1046)
	at org.eclipse.e4.ui.internal.workbench.E4Workbench.createAndRunUI(E4Workbench.java:155)
	at org.eclipse.ui.internal.Workbench.lambda$3(Workbench.java:644)
	at org.eclipse.core.databinding.observable.Realm.runWithDefault(Realm.java:338)
	at org.eclipse.ui.internal.Workbench.createAndRunWorkbench(Workbench.java:551)
	at org.eclipse.ui.PlatformUI.createAndRunWorkbench(PlatformUI.java:153)
	at org.eclipse.ui.internal.ide.application.IDEApplication.start(IDEApplication.java:150)
	at org.eclipse.equinox.internal.app.EclipseAppHandle.run(EclipseAppHandle.java:203)
	at org.eclipse.core.runtime.internal.adaptor.EclipseAppLauncher.runApplication(EclipseAppLauncher.java:134)
	at org.eclipse.core.runtime.internal.adaptor.EclipseAppLauncher.start(EclipseAppLauncher.java:104)
	at org.eclipse.core.runtime.adaptor.EclipseStarter.run(EclipseStarter.java:401)
	at org.eclipse.core.runtime.adaptor.EclipseStarter.run(EclipseStarter.java:255)
	at java.base/jdk.internal.reflect.NativeMethodAccessorImpl.invoke0(Native Method)
	at java.base/jdk.internal.reflect.NativeMethodAccessorImpl.invoke(NativeMethodAccessorImpl.java:62)
	at java.base/jdk.internal.reflect.DelegatingMethodAccessorImpl.invoke(DelegatingMethodAccessorImpl.java:43)
	at java.base/java.lang.reflect.Method.invoke(Method.java:564)
	at org.eclipse.equinox.launcher.Main.invokeFramework(Main.java:657)
	at org.eclipse.equinox.launcher.Main.basicRun(Main.java:594)
	at org.eclipse.equinox.launcher.Main.run(Main.java:1465)
INFO  21:21:35,893 [saros-shutdown] (ContainerContext.java:205) disposing context...
INFO  21:21:35,900 [saros-shutdown] (ContainerContext.java:209) successfully disposed context
INFO  21:21:36,297 [Framework stop - Equinox Container: d2372fec-0112-47f1-8147-a2f353aa7fd2] (Saros.java:137) Stopping Saros 16.0.1
