WARN  21:22:38,439 [Smack Listener Processor (0)] (SubscriptionHandler.java:128) received error presence package from saros_1078666697@rooms.chinwag.im/pyroxys@chinwag.im/Saros, condition: not-authorized, message: null
WARN  21:22:38,735 [Smack Listener Processor (0)] (SubscriptionHandler.java:128) received error presence package from saros_1078666697@rooms.chinwag.im/pyroxys@chinwag.im/Saros, condition: item-not-found, message: null
ERROR 21:22:38,736 [saros-muc-join] (MultiUserChatService.java:107) Couldn't join chat: SAROS_1078666697@rooms.chinwag.im
not-authorized(401)
	at org.jivesoftware.smackx.muc.MultiUserChat.create(MultiUserChat.java:370)
	at saros.communication.chat.muc.MultiUserChat.createAndJoinMUC(MultiUserChat.java:232)
	at saros.communication.chat.muc.MultiUserChat.connect(MultiUserChat.java:153)
	at saros.communication.chat.muc.MultiUserChatService.createChat(MultiUserChatService.java:104)
	at saros.ui.widgets.chat.ChatRoomsComposite.createChat(ChatRoomsComposite.java:636)
	at saros.ui.widgets.chat.ChatRoomsComposite.access$3(ChatRoomsComposite.java:630)
	at saros.ui.widgets.chat.ChatRoomsComposite$3$2.run(ChatRoomsComposite.java:220)
	at saros.util.ThreadUtils$1.run(ThreadUtils.java:34)
	at java.base/java.lang.Thread.run(Thread.java:832)
WARN  21:54:15,067 [saros-DispatchContext] (SarosSession.java:592) failed to notify user hugo1410@chinwag.im/Saros about local session stop
java.io.IOException: not connected to hugo1410@chinwag.im/Saros [connection identifier=saros-main-session]
	at saros.net.internal.XMPPTransmitter.send(XMPPTransmitter.java:96)
	at saros.session.internal.SarosSession.notifyParticipants(SarosSession.java:587)
	at saros.session.internal.SarosSession.stop(SarosSession.java:563)
	at saros.session.SarosSessionManager.stopSession(SarosSessionManager.java:331)
	at saros.negotiation.AbstractIncomingProjectNegotiation.executeCancellation(AbstractIncomingProjectNegotiation.java:299)
	at saros.negotiation.Negotiation.terminate(Negotiation.java:395)
	at saros.negotiation.AbstractIncomingProjectNegotiation.remoteCancel(AbstractIncomingProjectNegotiation.java:306)
	at saros.session.NegotiationPacketListener.projectNegotiationCanceled(NegotiationPacketListener.java:295)
	at saros.session.NegotiationPacketListener.access$6(NegotiationPacketListener.java:281)
	at saros.session.NegotiationPacketListener$4.processPacket(NegotiationPacketListener.java:121)
	at saros.net.internal.XMPPReceiver.forwardPacket(XMPPReceiver.java:192)
	at saros.net.internal.XMPPReceiver.access$1(XMPPReceiver.java:181)
	at saros.net.internal.XMPPReceiver$4.run(XMPPReceiver.java:140)
	at saros.util.ThreadUtils$1.run(ThreadUtils.java:34)
	at java.base/java.util.concurrent.Executors$RunnableAdapter.call(Executors.java:515)
	at java.base/java.util.concurrent.FutureTask.run(FutureTask.java:264)
	at java.base/java.util.concurrent.ThreadPoolExecutor.runWorker(ThreadPoolExecutor.java:1130)
	at java.base/java.util.concurrent.ThreadPoolExecutor$Worker.run(ThreadPoolExecutor.java:630)
	at java.base/java.lang.Thread.run(Thread.java:832)
