WARN  21:07:06,149 [Smack Listener Processor (0)] (SubscriptionHandler.java:128) received error presence package from saros_852919789@rooms.chinwag.im/pyroxys@chinwag.im/Saros, condition: not-authorized, message: null
WARN  21:07:06,447 [Smack Listener Processor (0)] (SubscriptionHandler.java:128) received error presence package from saros_852919789@rooms.chinwag.im/pyroxys@chinwag.im/Saros, condition: item-not-found, message: null
ERROR 21:07:06,448 [saros-muc-join] (MultiUserChatService.java:107) Couldn't join chat: SAROS_852919789@rooms.chinwag.im
not-authorized(401)
	at org.jivesoftware.smackx.muc.MultiUserChat.create(MultiUserChat.java:370)
	at saros.communication.chat.muc.MultiUserChat.createAndJoinMUC(MultiUserChat.java:232)
	at saros.communication.chat.muc.MultiUserChat.connect(MultiUserChat.java:153)
	at saros.communication.chat.muc.MultiUserChatService.createChat(MultiUserChatService.java:104)
	at saros.ui.widgets.chat.ChatRoomsComposite.createChat(ChatRoomsComposite.java:636)
	at saros.ui.widgets.chat.ChatRoomsComposite.access$3(ChatRoomsComposite.java:630)
	at saros.ui.widgets.chat.ChatRoomsComposite$3$2.run(ChatRoomsComposite.java:220)
	at saros.util.ThreadUtils$1.run(ThreadUtils.java:34)
	at java.base/java.lang.Thread.run(Thread.java:832)
ERROR 22:26:06,084 [saros-activity-sender] (ActivitySequencer.java:528) failed to sent activities: [JupiterActivity(timestamp: [78,343], operation: Noop(0,''), source: pyroxys@chinwag.im/Saros), JupiterActivity(timestamp: [86,256], operation: Noop(0,''), source: pyroxys@chinwag.im/Saros), JupiterActivity(timestamp: [133,327], operation: Noop(0,''), source: pyroxys@chinwag.im/Saros), JupiterActivity(timestamp: [69,155], operation: Noop(0,''), source: pyroxys@chinwag.im/Saros), JupiterActivity(timestamp: [78,340], operation: Noop(0,''), source: pyroxys@chinwag.im/Saros), JupiterActivity(timestamp: [22,126], operation: Noop(0,''), source: pyroxys@chinwag.im/Saros), JupiterActivity(timestamp: [111,753], operation: Noop(0,''), source: pyroxys@chinwag.im/Saros), JupiterActivity(timestamp: [13,39], operation: Noop(0,''), source: pyroxys@chinwag.im/Saros)]
java.io.IOException: not connected to hugo1410@chinwag.im/Saros [connection identifier=saros-main-session]
	at saros.net.internal.XMPPTransmitter.send(XMPPTransmitter.java:96)
	at saros.session.internal.ActivitySequencer.sendActivities(ActivitySequencer.java:526)
	at saros.session.internal.ActivitySequencer.access$3(ActivitySequencer.java:461)
	at saros.session.internal.ActivitySequencer$2.run(ActivitySequencer.java:147)
	at saros.util.ThreadUtils$1.run(ThreadUtils.java:34)
	at java.base/java.lang.Thread.run(Thread.java:832)
WARN  23:02:30,302 [Smack Listener Processor (0)] (SubscriptionHandler.java:128) received error presence package from saros_1123952464@rooms.chinwag.im/pyroxys@chinwag.im/Saros, condition: not-authorized, message: null
WARN  23:02:30,600 [Smack Listener Processor (0)] (SubscriptionHandler.java:128) received error presence package from saros_1123952464@rooms.chinwag.im/pyroxys@chinwag.im/Saros, condition: item-not-found, message: null
ERROR 23:02:30,600 [saros-muc-join] (MultiUserChatService.java:107) Couldn't join chat: SAROS_1123952464@rooms.chinwag.im
not-authorized(401)
	at org.jivesoftware.smackx.muc.MultiUserChat.create(MultiUserChat.java:370)
	at saros.communication.chat.muc.MultiUserChat.createAndJoinMUC(MultiUserChat.java:232)
	at saros.communication.chat.muc.MultiUserChat.connect(MultiUserChat.java:153)
	at saros.communication.chat.muc.MultiUserChatService.createChat(MultiUserChatService.java:104)
	at saros.ui.widgets.chat.ChatRoomsComposite.createChat(ChatRoomsComposite.java:636)
	at saros.ui.widgets.chat.ChatRoomsComposite.access$3(ChatRoomsComposite.java:630)
	at saros.ui.widgets.chat.ChatRoomsComposite$3$2.run(ChatRoomsComposite.java:220)
	at saros.util.ThreadUtils$1.run(ThreadUtils.java:34)
	at java.base/java.lang.Thread.run(Thread.java:832)
ERROR 10:50:58,883 [Smack Packet Reader (0)] (XMPPConnectionService.java:104) XMPP connection error: 
javax.net.ssl.SSLException: Une tentative de connexion a échoué car le parti connecté n’a pas répondu convenablement au-delà d’une certaine durée ou une connexion établie a échoué car l’hôte de connexion n’a pas répondu
	at java.base/sun.security.ssl.Alert.createSSLException(Alert.java:127)
	at java.base/sun.security.ssl.TransportContext.fatal(TransportContext.java:325)
	at java.base/sun.security.ssl.TransportContext.fatal(TransportContext.java:268)
	at java.base/sun.security.ssl.TransportContext.fatal(TransportContext.java:263)
	at java.base/sun.security.ssl.SSLSocketImpl.handleException(SSLSocketImpl.java:1667)
	at java.base/sun.security.ssl.SSLSocketImpl$AppInputStream.read(SSLSocketImpl.java:1049)
	at java.base/sun.nio.cs.StreamDecoder.readBytes(StreamDecoder.java:297)
	at java.base/sun.nio.cs.StreamDecoder.implRead(StreamDecoder.java:339)
	at java.base/sun.nio.cs.StreamDecoder.read(StreamDecoder.java:188)
	at java.base/java.io.InputStreamReader.read(InputStreamReader.java:181)
	at java.base/java.io.BufferedReader.fill(BufferedReader.java:161)
	at java.base/java.io.BufferedReader.read1(BufferedReader.java:212)
	at java.base/java.io.BufferedReader.read(BufferedReader.java:287)
	at org.xmlpull.mxp1.MXParser.fillBuf(MXParser.java:2992)
	at org.xmlpull.mxp1.MXParser.more(MXParser.java:3046)
	at org.xmlpull.mxp1.MXParser.nextImpl(MXParser.java:1144)
	at org.xmlpull.mxp1.MXParser.next(MXParser.java:1093)
	at org.jivesoftware.smack.PacketReader.parsePackets(PacketReader.java:312)
	at org.jivesoftware.smack.PacketReader.access$000(PacketReader.java:48)
	at org.jivesoftware.smack.PacketReader$1.run(PacketReader.java:76)
	Suppressed: java.net.SocketException: Connection reset by peer
		at java.base/sun.nio.ch.NioSocketImpl.implWrite(NioSocketImpl.java:420)
		at java.base/sun.nio.ch.NioSocketImpl.write(NioSocketImpl.java:440)
		at java.base/sun.nio.ch.NioSocketImpl$2.write(NioSocketImpl.java:826)
		at java.base/java.net.Socket$SocketOutputStream.write(Socket.java:1052)
		at java.base/sun.security.ssl.SSLSocketOutputRecord.encodeAlert(SSLSocketOutputRecord.java:82)
		at java.base/sun.security.ssl.TransportContext.fatal(TransportContext.java:356)
		... 18 more
Caused by: java.net.SocketException: Une tentative de connexion a échoué car le parti connecté n’a pas répondu convenablement au-delà d’une certaine durée ou une connexion établie a échoué car l’hôte de connexion n’a pas répondu
	at java.base/sun.nio.ch.NioSocketImpl.implRead(NioSocketImpl.java:325)
	at java.base/sun.nio.ch.NioSocketImpl.read(NioSocketImpl.java:350)
	at java.base/sun.nio.ch.NioSocketImpl$1.read(NioSocketImpl.java:803)
	at java.base/java.net.Socket$SocketInputStream.read(Socket.java:982)
	at java.base/sun.security.ssl.SSLSocketInputRecord.read(SSLSocketInputRecord.java:469)
	at java.base/sun.security.ssl.SSLSocketInputRecord.readHeader(SSLSocketInputRecord.java:463)
	at java.base/sun.security.ssl.SSLSocketInputRecord.bytesInCompletePacket(SSLSocketInputRecord.java:70)
	at java.base/sun.security.ssl.SSLSocketImpl.readApplicationRecord(SSLSocketImpl.java:1421)
	at java.base/sun.security.ssl.SSLSocketImpl$AppInputStream.read(SSLSocketImpl.java:1033)
	... 14 more
ERROR 10:50:58,907 [Smack Packet Reader (0)] (XMPPConnectionService.java:386)  new connection state == ERROR
javax.net.ssl.SSLException: Une tentative de connexion a échoué car le parti connecté n’a pas répondu convenablement au-delà d’une certaine durée ou une connexion établie a échoué car l’hôte de connexion n’a pas répondu
	at java.base/sun.security.ssl.Alert.createSSLException(Alert.java:127)
	at java.base/sun.security.ssl.TransportContext.fatal(TransportContext.java:325)
	at java.base/sun.security.ssl.TransportContext.fatal(TransportContext.java:268)
	at java.base/sun.security.ssl.TransportContext.fatal(TransportContext.java:263)
	at java.base/sun.security.ssl.SSLSocketImpl.handleException(SSLSocketImpl.java:1667)
	at java.base/sun.security.ssl.SSLSocketImpl$AppInputStream.read(SSLSocketImpl.java:1049)
	at java.base/sun.nio.cs.StreamDecoder.readBytes(StreamDecoder.java:297)
	at java.base/sun.nio.cs.StreamDecoder.implRead(StreamDecoder.java:339)
	at java.base/sun.nio.cs.StreamDecoder.read(StreamDecoder.java:188)
	at java.base/java.io.InputStreamReader.read(InputStreamReader.java:181)
	at java.base/java.io.BufferedReader.fill(BufferedReader.java:161)
	at java.base/java.io.BufferedReader.read1(BufferedReader.java:212)
	at java.base/java.io.BufferedReader.read(BufferedReader.java:287)
	at org.xmlpull.mxp1.MXParser.fillBuf(MXParser.java:2992)
	at org.xmlpull.mxp1.MXParser.more(MXParser.java:3046)
	at org.xmlpull.mxp1.MXParser.nextImpl(MXParser.java:1144)
	at org.xmlpull.mxp1.MXParser.next(MXParser.java:1093)
	at org.jivesoftware.smack.PacketReader.parsePackets(PacketReader.java:312)
	at org.jivesoftware.smack.PacketReader.access$000(PacketReader.java:48)
	at org.jivesoftware.smack.PacketReader$1.run(PacketReader.java:76)
	Suppressed: java.net.SocketException: Connection reset by peer
		at java.base/sun.nio.ch.NioSocketImpl.implWrite(NioSocketImpl.java:420)
		at java.base/sun.nio.ch.NioSocketImpl.write(NioSocketImpl.java:440)
		at java.base/sun.nio.ch.NioSocketImpl$2.write(NioSocketImpl.java:826)
		at java.base/java.net.Socket$SocketOutputStream.write(Socket.java:1052)
		at java.base/sun.security.ssl.SSLSocketOutputRecord.encodeAlert(SSLSocketOutputRecord.java:82)
		at java.base/sun.security.ssl.TransportContext.fatal(TransportContext.java:356)
		... 18 more
Caused by: java.net.SocketException: Une tentative de connexion a échoué car le parti connecté n’a pas répondu convenablement au-delà d’une certaine durée ou une connexion établie a échoué car l’hôte de connexion n’a pas répondu
	at java.base/sun.nio.ch.NioSocketImpl.implRead(NioSocketImpl.java:325)
	at java.base/sun.nio.ch.NioSocketImpl.read(NioSocketImpl.java:350)
	at java.base/sun.nio.ch.NioSocketImpl$1.read(NioSocketImpl.java:803)
	at java.base/java.net.Socket$SocketInputStream.read(Socket.java:982)
	at java.base/sun.security.ssl.SSLSocketInputRecord.read(SSLSocketInputRecord.java:469)
	at java.base/sun.security.ssl.SSLSocketInputRecord.readHeader(SSLSocketInputRecord.java:463)
	at java.base/sun.security.ssl.SSLSocketInputRecord.bytesInCompletePacket(SSLSocketInputRecord.java:70)
	at java.base/sun.security.ssl.SSLSocketImpl.readApplicationRecord(SSLSocketImpl.java:1421)
	at java.base/sun.security.ssl.SSLSocketImpl$AppInputStream.read(SSLSocketImpl.java:1033)
	... 14 more
